<?xml version="1.0" encoding="UTF-8"?>
<testng-results ignored="0" total="1" passed="1" failed="0" skipped="0">
  <reporter-output>
  </reporter-output>
  <suite started-at="2024-04-16T11:23:04 IST" name="Default suite" finished-at="2024-04-16T11:23:20 IST" duration-ms="15844">
    <groups>
    </groups>
    <test started-at="2024-04-16T11:23:04 IST" name="Default test" finished-at="2024-04-16T11:23:20 IST" duration-ms="15844">
      <class name="testcases.TC001_Login">
        <test-method is-config="true" signature="preConditionMethod()[pri:0, instance:testcases.TC001_Login@771a660]" started-at="2024-04-16T11:23:04 IST" name="preConditionMethod" finished-at="2024-04-16T11:23:14 IST" duration-ms="10631" status="PASS">
          <reporter-output>
          </reporter-output>
        </test-method> <!-- preConditionMethod -->
        <test-method signature="runTC001_Login()[pri:0, instance:testcases.TC001_Login@771a660]" started-at="2024-04-16T11:23:14 IST" name="runTC001_Login" finished-at="2024-04-16T11:23:19 IST" duration-ms="4969" status="PASS">
          <reporter-output>
          </reporter-output>
        </test-method> <!-- runTC001_Login -->
        <test-method is-config="true" signature="postConditionMethod()[pri:0, instance:testcases.TC001_Login@771a660]" started-at="2024-04-16T11:23:19 IST" name="postConditionMethod" finished-at="2024-04-16T11:23:20 IST" duration-ms="198" status="PASS">
          <reporter-output>
          </reporter-output>
        </test-method> <!-- postConditionMethod -->
      </class> <!-- testcases.TC001_Login -->
    </test> <!-- Default test -->
  </suite> <!-- Default suite -->
</testng-results>
